2021-04-24 09:17:21 上午 [Thread: main][ Class:org.springframework.test.context.support.DefaultTestContextBootstrapper >> Method: org.springframework.test.context.support.AbstractTestContextBootstrapper.getDefaultTestExecutionListenerClassNames(AbstractTestContextBootstrapper.java:260) ]
INFO:Loaded default TestExecutionListener class names from location [META-INF/spring.factories]: [org.springframework.test.context.web.ServletTestExecutionListener, org.springframework.test.context.support.DirtiesContextBeforeModesTestExecutionListener, org.springframework.test.context.support.DependencyInjectionTestExecutionListener, org.springframework.test.context.support.DirtiesContextTestExecutionListener, org.springframework.test.context.transaction.TransactionalTestExecutionListener, org.springframework.test.context.jdbc.SqlScriptsTestExecutionListener]
2021-04-24 09:17:21 上午 [Thread: main][ Class:org.springframework.test.context.support.DefaultTestContextBootstrapper >> Method: org.springframework.test.context.support.AbstractTestContextBootstrapper.getTestExecutionListeners(AbstractTestContextBootstrapper.java:187) ]
INFO:Using TestExecutionListeners: [org.springframework.test.context.web.ServletTestExecutionListener@77caeb3e, org.springframework.test.context.support.DirtiesContextBeforeModesTestExecutionListener@1e88b3c, org.springframework.test.context.support.DependencyInjectionTestExecutionListener@42d80b78, org.springframework.test.context.support.DirtiesContextTestExecutionListener@3bfdc050, org.springframework.test.context.transaction.TransactionalTestExecutionListener@1bce4f0a, org.springframework.test.context.jdbc.SqlScriptsTestExecutionListener@5e3a8624]
2021-04-24 09:17:21 上午 [Thread: main][ Class:org.springframework.beans.factory.xml.XmlBeanDefinitionReader >> Method: org.springframework.beans.factory.xml.XmlBeanDefinitionReader.loadBeanDefinitions(XmlBeanDefinitionReader.java:317) ]
INFO:Loading XML bean definitions from class path resource [applicationContext.xml]
2021-04-24 09:17:26 上午 [Thread: main][ Class:org.springframework.context.support.GenericApplicationContext >> Method: org.springframework.context.support.AbstractApplicationContext.prepareRefresh(AbstractApplicationContext.java:582) ]
INFO:Refreshing org.springframework.context.support.GenericApplicationContext@18eed359: startup date [Sat Apr 24 09:17:26 CST 2021]; root of context hierarchy
2021-04-24 09:17:28 上午 [Thread: main][ Class:com.czf.controller.Alipay.AlipayController >> Method: com.czf.test.userTest.ty(userTest.java:201) ]
INFO:ty = 1
2021-04-24 09:17:28 上午 [Thread: Thread-1][ Class:org.springframework.context.support.GenericApplicationContext >> Method: org.springframework.context.support.AbstractApplicationContext.doClose(AbstractApplicationContext.java:987) ]
INFO:Closing org.springframework.context.support.GenericApplicationContext@18eed359: startup date [Sat Apr 24 09:17:26 CST 2021]; root of context hierarchy
2021-04-24 09:17:28 上午 [Thread: Thread-1][ Class:org.springframework.beans.factory.support.DisposableBeanAdapter >> Method: org.springframework.beans.factory.support.DisposableBeanAdapter.invokeCustomDestroyMethod(DisposableBeanAdapter.java:371) ]
WARN:Invocation of destroy method 'close' failed on bean with name 'pooledDataSource'
java.lang.NoSuchMethodError: org.slf4j.spi.LocationAwareLogger.log(Lorg/slf4j/Marker;Ljava/lang/String;ILjava/lang/String;[Ljava/lang/Object;Ljava/lang/Throwable;)V
	at com.alibaba.druid.support.logging.SLF4JImpl.info(SLF4JImpl.java:72)
	at com.alibaba.druid.pool.DruidDataSource.close(DruidDataSource.java:2032)
	at sun.reflect.NativeMethodAccessorImpl.invoke0(Native Method)
	at sun.reflect.NativeMethodAccessorImpl.invoke(NativeMethodAccessorImpl.java:62)
	at sun.reflect.DelegatingMethodAccessorImpl.invoke(DelegatingMethodAccessorImpl.java:43)
	at java.lang.reflect.Method.invoke(Method.java:498)
	at org.springframework.beans.factory.support.DisposableBeanAdapter.invokeCustomDestroyMethod(DisposableBeanAdapter.java:364)
	at org.springframework.beans.factory.support.DisposableBeanAdapter.destroy(DisposableBeanAdapter.java:287)
	at org.springframework.beans.factory.support.DefaultSingletonBeanRegistry.destroyBean(DefaultSingletonBeanRegistry.java:578)
	at org.springframework.beans.factory.support.DefaultSingletonBeanRegistry.destroySingleton(DefaultSingletonBeanRegistry.java:554)
	at org.springframework.beans.factory.support.DefaultListableBeanFactory.destroySingleton(DefaultListableBeanFactory.java:961)
	at org.springframework.beans.factory.support.DefaultSingletonBeanRegistry.destroySingletons(DefaultSingletonBeanRegistry.java:523)
	at org.springframework.beans.factory.support.DefaultListableBeanFactory.destroySingletons(DefaultListableBeanFactory.java:968)
	at org.springframework.context.support.AbstractApplicationContext.destroyBeans(AbstractApplicationContext.java:1033)
	at org.springframework.context.support.AbstractApplicationContext.doClose(AbstractApplicationContext.java:1009)
	at org.springframework.context.support.AbstractApplicationContext$2.run(AbstractApplicationContext.java:928)
2021-04-24 09:19:56 上午 [Thread: main][ Class:org.springframework.test.context.support.DefaultTestContextBootstrapper >> Method: org.springframework.test.context.support.AbstractTestContextBootstrapper.getDefaultTestExecutionListenerClassNames(AbstractTestContextBootstrapper.java:260) ]
INFO:Loaded default TestExecutionListener class names from location [META-INF/spring.factories]: [org.springframework.test.context.web.ServletTestExecutionListener, org.springframework.test.context.support.DirtiesContextBeforeModesTestExecutionListener, org.springframework.test.context.support.DependencyInjectionTestExecutionListener, org.springframework.test.context.support.DirtiesContextTestExecutionListener, org.springframework.test.context.transaction.TransactionalTestExecutionListener, org.springframework.test.context.jdbc.SqlScriptsTestExecutionListener]
2021-04-24 09:19:56 上午 [Thread: main][ Class:org.springframework.test.context.support.DefaultTestContextBootstrapper >> Method: org.springframework.test.context.support.AbstractTestContextBootstrapper.getTestExecutionListeners(AbstractTestContextBootstrapper.java:187) ]
INFO:Using TestExecutionListeners: [org.springframework.test.context.web.ServletTestExecutionListener@6f7fd0e6, org.springframework.test.context.support.DirtiesContextBeforeModesTestExecutionListener@47c62251, org.springframework.test.context.support.DependencyInjectionTestExecutionListener@3e6fa38a, org.springframework.test.context.support.DirtiesContextTestExecutionListener@66a3ffec, org.springframework.test.context.transaction.TransactionalTestExecutionListener@77caeb3e, org.springframework.test.context.jdbc.SqlScriptsTestExecutionListener@1e88b3c]
2021-04-24 09:19:56 上午 [Thread: main][ Class:org.springframework.beans.factory.xml.XmlBeanDefinitionReader >> Method: org.springframework.beans.factory.xml.XmlBeanDefinitionReader.loadBeanDefinitions(XmlBeanDefinitionReader.java:317) ]
INFO:Loading XML bean definitions from class path resource [applicationContext.xml]
2021-04-24 09:20:01 上午 [Thread: main][ Class:org.springframework.context.support.GenericApplicationContext >> Method: org.springframework.context.support.AbstractApplicationContext.prepareRefresh(AbstractApplicationContext.java:582) ]
INFO:Refreshing org.springframework.context.support.GenericApplicationContext@63753b6d: startup date [Sat Apr 24 09:20:01 CST 2021]; root of context hierarchy
2021-04-24 09:20:03 上午 [Thread: main][ Class:com.czf.controller.Alipay.AlipayController >> Method: com.czf.test.userTest.ty(userTest.java:201) ]
INFO:tymyo = 1
2021-04-24 09:20:03 上午 [Thread: Thread-1][ Class:org.springframework.context.support.GenericApplicationContext >> Method: org.springframework.context.support.AbstractApplicationContext.doClose(AbstractApplicationContext.java:987) ]
INFO:Closing org.springframework.context.support.GenericApplicationContext@63753b6d: startup date [Sat Apr 24 09:20:01 CST 2021]; root of context hierarchy
2021-04-24 09:20:03 上午 [Thread: Thread-1][ Class:com.alibaba.druid.pool.DruidDataSource >> Method: com.alibaba.druid.pool.DruidDataSource.close(DruidDataSource.java:2032) ]
INFO:{dataSource-0} closing ...
2021-04-24 09:20:25 上午 [Thread: main][ Class:org.springframework.test.context.support.DefaultTestContextBootstrapper >> Method: org.springframework.test.context.support.AbstractTestContextBootstrapper.getDefaultTestExecutionListenerClassNames(AbstractTestContextBootstrapper.java:260) ]
INFO:Loaded default TestExecutionListener class names from location [META-INF/spring.factories]: [org.springframework.test.context.web.ServletTestExecutionListener, org.springframework.test.context.support.DirtiesContextBeforeModesTestExecutionListener, org.springframework.test.context.support.DependencyInjectionTestExecutionListener, org.springframework.test.context.support.DirtiesContextTestExecutionListener, org.springframework.test.context.transaction.TransactionalTestExecutionListener, org.springframework.test.context.jdbc.SqlScriptsTestExecutionListener]
2021-04-24 09:20:25 上午 [Thread: main][ Class:org.springframework.test.context.support.DefaultTestContextBootstrapper >> Method: org.springframework.test.context.support.AbstractTestContextBootstrapper.getTestExecutionListeners(AbstractTestContextBootstrapper.java:187) ]
INFO:Using TestExecutionListeners: [org.springframework.test.context.web.ServletTestExecutionListener@6f7fd0e6, org.springframework.test.context.support.DirtiesContextBeforeModesTestExecutionListener@47c62251, org.springframework.test.context.support.DependencyInjectionTestExecutionListener@3e6fa38a, org.springframework.test.context.support.DirtiesContextTestExecutionListener@66a3ffec, org.springframework.test.context.transaction.TransactionalTestExecutionListener@77caeb3e, org.springframework.test.context.jdbc.SqlScriptsTestExecutionListener@1e88b3c]
2021-04-24 09:20:25 上午 [Thread: main][ Class:org.springframework.beans.factory.xml.XmlBeanDefinitionReader >> Method: org.springframework.beans.factory.xml.XmlBeanDefinitionReader.loadBeanDefinitions(XmlBeanDefinitionReader.java:317) ]
INFO:Loading XML bean definitions from class path resource [applicationContext.xml]
2021-04-24 09:20:30 上午 [Thread: main][ Class:org.springframework.context.support.GenericApplicationContext >> Method: org.springframework.context.support.AbstractApplicationContext.prepareRefresh(AbstractApplicationContext.java:582) ]
INFO:Refreshing org.springframework.context.support.GenericApplicationContext@63753b6d: startup date [Sat Apr 24 09:20:30 CST 2021]; root of context hierarchy
2021-04-24 09:20:32 上午 [Thread: main][ Class:com.czf.test.userTest >> Method: com.czf.test.userTest.ty(userTest.java:201) ]
INFO:tymyo = 1
2021-04-24 09:20:32 上午 [Thread: Thread-1][ Class:org.springframework.context.support.GenericApplicationContext >> Method: org.springframework.context.support.AbstractApplicationContext.doClose(AbstractApplicationContext.java:987) ]
INFO:Closing org.springframework.context.support.GenericApplicationContext@63753b6d: startup date [Sat Apr 24 09:20:30 CST 2021]; root of context hierarchy
2021-04-24 09:20:32 上午 [Thread: Thread-1][ Class:com.alibaba.druid.pool.DruidDataSource >> Method: com.alibaba.druid.pool.DruidDataSource.close(DruidDataSource.java:2032) ]
INFO:{dataSource-0} closing ...
2021-04-24 09:21:38 上午 [Thread: main][ Class:org.springframework.test.context.support.DefaultTestContextBootstrapper >> Method: org.springframework.test.context.support.AbstractTestContextBootstrapper.getDefaultTestExecutionListenerClassNames(AbstractTestContextBootstrapper.java:260) ]
INFO:Loaded default TestExecutionListener class names from location [META-INF/spring.factories]: [org.springframework.test.context.web.ServletTestExecutionListener, org.springframework.test.context.support.DirtiesContextBeforeModesTestExecutionListener, org.springframework.test.context.support.DependencyInjectionTestExecutionListener, org.springframework.test.context.support.DirtiesContextTestExecutionListener, org.springframework.test.context.transaction.TransactionalTestExecutionListener, org.springframework.test.context.jdbc.SqlScriptsTestExecutionListener]
2021-04-24 09:21:38 上午 [Thread: main][ Class:org.springframework.test.context.support.DefaultTestContextBootstrapper >> Method: org.springframework.test.context.support.AbstractTestContextBootstrapper.getTestExecutionListeners(AbstractTestContextBootstrapper.java:187) ]
INFO:Using TestExecutionListeners: [org.springframework.test.context.web.ServletTestExecutionListener@6f7fd0e6, org.springframework.test.context.support.DirtiesContextBeforeModesTestExecutionListener@47c62251, org.springframework.test.context.support.DependencyInjectionTestExecutionListener@3e6fa38a, org.springframework.test.context.support.DirtiesContextTestExecutionListener@66a3ffec, org.springframework.test.context.transaction.TransactionalTestExecutionListener@77caeb3e, org.springframework.test.context.jdbc.SqlScriptsTestExecutionListener@1e88b3c]
2021-04-24 09:21:39 上午 [Thread: main][ Class:org.springframework.beans.factory.xml.XmlBeanDefinitionReader >> Method: org.springframework.beans.factory.xml.XmlBeanDefinitionReader.loadBeanDefinitions(XmlBeanDefinitionReader.java:317) ]
INFO:Loading XML bean definitions from class path resource [applicationContext.xml]
2021-04-24 09:21:44 上午 [Thread: main][ Class:org.springframework.context.support.GenericApplicationContext >> Method: org.springframework.context.support.AbstractApplicationContext.prepareRefresh(AbstractApplicationContext.java:582) ]
INFO:Refreshing org.springframework.context.support.GenericApplicationContext@63753b6d: startup date [Sat Apr 24 09:21:44 CST 2021]; root of context hierarchy
2021-04-24 09:21:45 上午 [Thread: main][ Class:com.czf.test.userTest >> Method: com.czf.test.userTest.ty(userTest.java:201) ]
INFO:tymyo = 1
2021-04-24 09:21:45 上午 [Thread: Thread-1][ Class:org.springframework.context.support.GenericApplicationContext >> Method: org.springframework.context.support.AbstractApplicationContext.doClose(AbstractApplicationContext.java:987) ]
INFO:Closing org.springframework.context.support.GenericApplicationContext@63753b6d: startup date [Sat Apr 24 09:21:44 CST 2021]; root of context hierarchy
2021-04-24 09:21:45 上午 [Thread: Thread-1][ Class:com.alibaba.druid.pool.DruidDataSource >> Method: com.alibaba.druid.pool.DruidDataSource.close(DruidDataSource.java:2032) ]
INFO:{dataSource-0} closing ...
2021-04-24 09:22:42 上午 [Thread: main][ Class:org.springframework.test.context.support.DefaultTestContextBootstrapper >> Method: org.springframework.test.context.support.AbstractTestContextBootstrapper.getDefaultTestExecutionListenerClassNames(AbstractTestContextBootstrapper.java:260) ]
INFO:Loaded default TestExecutionListener class names from location [META-INF/spring.factories]: [org.springframework.test.context.web.ServletTestExecutionListener, org.springframework.test.context.support.DirtiesContextBeforeModesTestExecutionListener, org.springframework.test.context.support.DependencyInjectionTestExecutionListener, org.springframework.test.context.support.DirtiesContextTestExecutionListener, org.springframework.test.context.transaction.TransactionalTestExecutionListener, org.springframework.test.context.jdbc.SqlScriptsTestExecutionListener]
2021-04-24 09:22:42 上午 [Thread: main][ Class:org.springframework.test.context.support.DefaultTestContextBootstrapper >> Method: org.springframework.test.context.support.AbstractTestContextBootstrapper.getTestExecutionListeners(AbstractTestContextBootstrapper.java:187) ]
INFO:Using TestExecutionListeners: [org.springframework.test.context.web.ServletTestExecutionListener@6f7fd0e6, org.springframework.test.context.support.DirtiesContextBeforeModesTestExecutionListener@47c62251, org.springframework.test.context.support.DependencyInjectionTestExecutionListener@3e6fa38a, org.springframework.test.context.support.DirtiesContextTestExecutionListener@66a3ffec, org.springframework.test.context.transaction.TransactionalTestExecutionListener@77caeb3e, org.springframework.test.context.jdbc.SqlScriptsTestExecutionListener@1e88b3c]
2021-04-24 09:22:47 上午 [Thread: main][ Class:org.springframework.test.context.support.DefaultTestContextBootstrapper >> Method: org.springframework.test.context.support.AbstractTestContextBootstrapper.getDefaultTestExecutionListenerClassNames(AbstractTestContextBootstrapper.java:260) ]
INFO:Loaded default TestExecutionListener class names from location [META-INF/spring.factories]: [org.springframework.test.context.web.ServletTestExecutionListener, org.springframework.test.context.support.DirtiesContextBeforeModesTestExecutionListener, org.springframework.test.context.support.DependencyInjectionTestExecutionListener, org.springframework.test.context.support.DirtiesContextTestExecutionListener, org.springframework.test.context.transaction.TransactionalTestExecutionListener, org.springframework.test.context.jdbc.SqlScriptsTestExecutionListener]
2021-04-24 09:22:47 上午 [Thread: main][ Class:org.springframework.test.context.support.DefaultTestContextBootstrapper >> Method: org.springframework.test.context.support.AbstractTestContextBootstrapper.getTestExecutionListeners(AbstractTestContextBootstrapper.java:187) ]
INFO:Using TestExecutionListeners: [org.springframework.test.context.web.ServletTestExecutionListener@6f7fd0e6, org.springframework.test.context.support.DirtiesContextBeforeModesTestExecutionListener@47c62251, org.springframework.test.context.support.DependencyInjectionTestExecutionListener@3e6fa38a, org.springframework.test.context.support.DirtiesContextTestExecutionListener@66a3ffec, org.springframework.test.context.transaction.TransactionalTestExecutionListener@77caeb3e, org.springframework.test.context.jdbc.SqlScriptsTestExecutionListener@1e88b3c]
2021-04-24 09:23:03 上午 [Thread: main][ Class:com.czf.test.userTest >> Method: com.czf.test.userTest.ty(userTest.java:201) ]
INFO:tymyo = 1
2021-04-24 09:24:25 上午 [Thread: main][ Class:org.springframework.test.context.support.DefaultTestContextBootstrapper >> Method: org.springframework.test.context.support.AbstractTestContextBootstrapper.getDefaultTestExecutionListenerClassNames(AbstractTestContextBootstrapper.java:260) ]
INFO:Loaded default TestExecutionListener class names from location [META-INF/spring.factories]: [org.springframework.test.context.web.ServletTestExecutionListener, org.springframework.test.context.support.DirtiesContextBeforeModesTestExecutionListener, org.springframework.test.context.support.DependencyInjectionTestExecutionListener, org.springframework.test.context.support.DirtiesContextTestExecutionListener, org.springframework.test.context.transaction.TransactionalTestExecutionListener, org.springframework.test.context.jdbc.SqlScriptsTestExecutionListener]
2021-04-24 09:24:25 上午 [Thread: main][ Class:org.springframework.test.context.support.DefaultTestContextBootstrapper >> Method: org.springframework.test.context.support.AbstractTestContextBootstrapper.getTestExecutionListeners(AbstractTestContextBootstrapper.java:187) ]
INFO:Using TestExecutionListeners: [org.springframework.test.context.web.ServletTestExecutionListener@6f7fd0e6, org.springframework.test.context.support.DirtiesContextBeforeModesTestExecutionListener@47c62251, org.springframework.test.context.support.DependencyInjectionTestExecutionListener@3e6fa38a, org.springframework.test.context.support.DirtiesContextTestExecutionListener@66a3ffec, org.springframework.test.context.transaction.TransactionalTestExecutionListener@77caeb3e, org.springframework.test.context.jdbc.SqlScriptsTestExecutionListener@1e88b3c]
2021-04-24 09:24:25 上午 [Thread: main][ Class:org.springframework.beans.factory.xml.XmlBeanDefinitionReader >> Method: org.springframework.beans.factory.xml.XmlBeanDefinitionReader.loadBeanDefinitions(XmlBeanDefinitionReader.java:317) ]
INFO:Loading XML bean definitions from class path resource [applicationContext.xml]
2021-04-24 09:24:30 上午 [Thread: main][ Class:org.springframework.context.support.GenericApplicationContext >> Method: org.springframework.context.support.AbstractApplicationContext.prepareRefresh(AbstractApplicationContext.java:582) ]
INFO:Refreshing org.springframework.context.support.GenericApplicationContext@63753b6d: startup date [Sat Apr 24 09:24:30 CST 2021]; root of context hierarchy
2021-04-24 09:24:32 上午 [Thread: main][ Class:com.czf.test.userTest >> Method: com.czf.test.userTest.ty(userTest.java:201) ]
INFO:  tymyo = 1
2021-04-24 09:24:32 上午 [Thread: Thread-1][ Class:org.springframework.context.support.GenericApplicationContext >> Method: org.springframework.context.support.AbstractApplicationContext.doClose(AbstractApplicationContext.java:987) ]
INFO:Closing org.springframework.context.support.GenericApplicationContext@63753b6d: startup date [Sat Apr 24 09:24:30 CST 2021]; root of context hierarchy
2021-04-24 09:24:32 上午 [Thread: Thread-1][ Class:com.alibaba.druid.pool.DruidDataSource >> Method: com.alibaba.druid.pool.DruidDataSource.close(DruidDataSource.java:2032) ]
INFO:{dataSource-0} closing ...
2021-04-24 09:25:28 上午 [Thread: main][ Class:org.springframework.test.context.support.DefaultTestContextBootstrapper >> Method: org.springframework.test.context.support.AbstractTestContextBootstrapper.getDefaultTestExecutionListenerClassNames(AbstractTestContextBootstrapper.java:260) ]
INFO:Loaded default TestExecutionListener class names from location [META-INF/spring.factories]: [org.springframework.test.context.web.ServletTestExecutionListener, org.springframework.test.context.support.DirtiesContextBeforeModesTestExecutionListener, org.springframework.test.context.support.DependencyInjectionTestExecutionListener, org.springframework.test.context.support.DirtiesContextTestExecutionListener, org.springframework.test.context.transaction.TransactionalTestExecutionListener, org.springframework.test.context.jdbc.SqlScriptsTestExecutionListener]
2021-04-24 09:25:28 上午 [Thread: main][ Class:org.springframework.test.context.support.DefaultTestContextBootstrapper >> Method: org.springframework.test.context.support.AbstractTestContextBootstrapper.getTestExecutionListeners(AbstractTestContextBootstrapper.java:187) ]
INFO:Using TestExecutionListeners: [org.springframework.test.context.web.ServletTestExecutionListener@6f7fd0e6, org.springframework.test.context.support.DirtiesContextBeforeModesTestExecutionListener@47c62251, org.springframework.test.context.support.DependencyInjectionTestExecutionListener@3e6fa38a, org.springframework.test.context.support.DirtiesContextTestExecutionListener@66a3ffec, org.springframework.test.context.transaction.TransactionalTestExecutionListener@77caeb3e, org.springframework.test.context.jdbc.SqlScriptsTestExecutionListener@1e88b3c]
2021-04-24 09:25:28 上午 [Thread: main][ Class:org.springframework.beans.factory.xml.XmlBeanDefinitionReader >> Method: org.springframework.beans.factory.xml.XmlBeanDefinitionReader.loadBeanDefinitions(XmlBeanDefinitionReader.java:317) ]
INFO:Loading XML bean definitions from class path resource [applicationContext.xml]
2021-04-24 09:25:34 上午 [Thread: main][ Class:org.springframework.context.support.GenericApplicationContext >> Method: org.springframework.context.support.AbstractApplicationContext.prepareRefresh(AbstractApplicationContext.java:582) ]
INFO:Refreshing org.springframework.context.support.GenericApplicationContext@63753b6d: startup date [Sat Apr 24 09:25:34 CST 2021]; root of context hierarchy
2021-04-24 09:25:35 上午 [Thread: main][ Class:com.czf.test.userTest >> Method: com.czf.test.userTest.ty(userTest.java:201) ]
INFO:  你好 = 1
2021-04-24 09:25:35 上午 [Thread: Thread-1][ Class:org.springframework.context.support.GenericApplicationContext >> Method: org.springframework.context.support.AbstractApplicationContext.doClose(AbstractApplicationContext.java:987) ]
INFO:Closing org.springframework.context.support.GenericApplicationContext@63753b6d: startup date [Sat Apr 24 09:25:34 CST 2021]; root of context hierarchy
2021-04-24 09:25:36 上午 [Thread: Thread-1][ Class:com.alibaba.druid.pool.DruidDataSource >> Method: com.alibaba.druid.pool.DruidDataSource.close(DruidDataSource.java:2032) ]
INFO:{dataSource-0} closing ...
2021-04-24 09:25:52 上午 [Thread: main][ Class:org.springframework.test.context.support.DefaultTestContextBootstrapper >> Method: org.springframework.test.context.support.AbstractTestContextBootstrapper.getDefaultTestExecutionListenerClassNames(AbstractTestContextBootstrapper.java:260) ]
INFO:Loaded default TestExecutionListener class names from location [META-INF/spring.factories]: [org.springframework.test.context.web.ServletTestExecutionListener, org.springframework.test.context.support.DirtiesContextBeforeModesTestExecutionListener, org.springframework.test.context.support.DependencyInjectionTestExecutionListener, org.springframework.test.context.support.DirtiesContextTestExecutionListener, org.springframework.test.context.transaction.TransactionalTestExecutionListener, org.springframework.test.context.jdbc.SqlScriptsTestExecutionListener]
2021-04-24 09:25:52 上午 [Thread: main][ Class:org.springframework.test.context.support.DefaultTestContextBootstrapper >> Method: org.springframework.test.context.support.AbstractTestContextBootstrapper.getTestExecutionListeners(AbstractTestContextBootstrapper.java:187) ]
INFO:Using TestExecutionListeners: [org.springframework.test.context.web.ServletTestExecutionListener@6f7fd0e6, org.springframework.test.context.support.DirtiesContextBeforeModesTestExecutionListener@47c62251, org.springframework.test.context.support.DependencyInjectionTestExecutionListener@3e6fa38a, org.springframework.test.context.support.DirtiesContextTestExecutionListener@66a3ffec, org.springframework.test.context.transaction.TransactionalTestExecutionListener@77caeb3e, org.springframework.test.context.jdbc.SqlScriptsTestExecutionListener@1e88b3c]
2021-04-24 09:25:52 上午 [Thread: main][ Class:org.springframework.beans.factory.xml.XmlBeanDefinitionReader >> Method: org.springframework.beans.factory.xml.XmlBeanDefinitionReader.loadBeanDefinitions(XmlBeanDefinitionReader.java:317) ]
INFO:Loading XML bean definitions from class path resource [applicationContext.xml]
2021-04-24 09:25:57 上午 [Thread: main][ Class:org.springframework.context.support.GenericApplicationContext >> Method: org.springframework.context.support.AbstractApplicationContext.prepareRefresh(AbstractApplicationContext.java:582) ]
INFO:Refreshing org.springframework.context.support.GenericApplicationContext@63753b6d: startup date [Sat Apr 24 09:25:57 CST 2021]; root of context hierarchy
2021-04-24 09:25:58 上午 [Thread: main][ Class:com.czf.test.userTest >> Method: com.czf.test.userTest.ty(userTest.java:201) ]
INFO:你好 = 1
2021-04-24 09:25:58 上午 [Thread: Thread-1][ Class:org.springframework.context.support.GenericApplicationContext >> Method: org.springframework.context.support.AbstractApplicationContext.doClose(AbstractApplicationContext.java:987) ]
INFO:Closing org.springframework.context.support.GenericApplicationContext@63753b6d: startup date [Sat Apr 24 09:25:57 CST 2021]; root of context hierarchy
2021-04-24 09:25:59 上午 [Thread: Thread-1][ Class:com.alibaba.druid.pool.DruidDataSource >> Method: com.alibaba.druid.pool.DruidDataSource.close(DruidDataSource.java:2032) ]
INFO:{dataSource-0} closing ...
2021-04-24 09:28:17 上午 [Thread: main][ Class:org.springframework.test.context.support.DefaultTestContextBootstrapper >> Method: org.springframework.test.context.support.AbstractTestContextBootstrapper.getDefaultTestExecutionListenerClassNames(AbstractTestContextBootstrapper.java:260) ]
INFO:Loaded default TestExecutionListener class names from location [META-INF/spring.factories]: [org.springframework.test.context.web.ServletTestExecutionListener, org.springframework.test.context.support.DirtiesContextBeforeModesTestExecutionListener, org.springframework.test.context.support.DependencyInjectionTestExecutionListener, org.springframework.test.context.support.DirtiesContextTestExecutionListener, org.springframework.test.context.transaction.TransactionalTestExecutionListener, org.springframework.test.context.jdbc.SqlScriptsTestExecutionListener]
2021-04-24 09:28:17 上午 [Thread: main][ Class:org.springframework.test.context.support.DefaultTestContextBootstrapper >> Method: org.springframework.test.context.support.AbstractTestContextBootstrapper.getTestExecutionListeners(AbstractTestContextBootstrapper.java:187) ]
INFO:Using TestExecutionListeners: [org.springframework.test.context.web.ServletTestExecutionListener@6f7fd0e6, org.springframework.test.context.support.DirtiesContextBeforeModesTestExecutionListener@47c62251, org.springframework.test.context.support.DependencyInjectionTestExecutionListener@3e6fa38a, org.springframework.test.context.support.DirtiesContextTestExecutionListener@66a3ffec, org.springframework.test.context.transaction.TransactionalTestExecutionListener@77caeb3e, org.springframework.test.context.jdbc.SqlScriptsTestExecutionListener@1e88b3c]
2021-04-24 09:28:17 上午 [Thread: main][ Class:org.springframework.beans.factory.xml.XmlBeanDefinitionReader >> Method: org.springframework.beans.factory.xml.XmlBeanDefinitionReader.loadBeanDefinitions(XmlBeanDefinitionReader.java:317) ]
INFO:Loading XML bean definitions from class path resource [applicationContext.xml]
2021-04-24 09:28:23 上午 [Thread: main][ Class:org.springframework.context.support.GenericApplicationContext >> Method: org.springframework.context.support.AbstractApplicationContext.prepareRefresh(AbstractApplicationContext.java:582) ]
INFO:Refreshing org.springframework.context.support.GenericApplicationContext@63753b6d: startup date [Sat Apr 24 09:28:23 CST 2021]; root of context hierarchy
2021-04-24 09:28:25 上午 [Thread: main][ Class:com.czf.test.userTest >> Method: com.czf.test.userTest.AlipayControllerTest(userTest.java:207) ]
INFO:czftest = 200
2021-04-24 09:28:25 上午 [Thread: main][ Class:com.czf.test.userTest >> Method: com.czf.test.userTest.AlipayControllerTest(userTest.java:208) ]
INFO:czfk = 200
2021-04-24 09:28:25 上午 [Thread: main][ Class:com.czf.test.userTest >> Method: com.czf.test.userTest.AlipayControllerTest(userTest.java:209) ]
INFO:czfy = 200
2021-04-24 09:28:25 上午 [Thread: Thread-1][ Class:org.springframework.context.support.GenericApplicationContext >> Method: org.springframework.context.support.AbstractApplicationContext.doClose(AbstractApplicationContext.java:987) ]
INFO:Closing org.springframework.context.support.GenericApplicationContext@63753b6d: startup date [Sat Apr 24 09:28:23 CST 2021]; root of context hierarchy
2021-04-24 09:28:25 上午 [Thread: Thread-1][ Class:com.alibaba.druid.pool.DruidDataSource >> Method: com.alibaba.druid.pool.DruidDataSource.close(DruidDataSource.java:2032) ]
INFO:{dataSource-0} closing ...
2021-04-24 09:30:11 上午 [Thread: main][ Class:com.czf.test.log4jTest >> Method: com.czf.test.log4jTest.main(log4jTest.java:12) ]
INFO:czftest = 200
2021-04-24 09:30:11 上午 [Thread: main][ Class:com.czf.test.log4jTest >> Method: com.czf.test.log4jTest.main(log4jTest.java:13) ]
INFO:czfk = 200
2021-04-24 09:30:11 上午 [Thread: main][ Class:com.czf.test.log4jTest >> Method: com.czf.test.log4jTest.main(log4jTest.java:14) ]
INFO:czfy = 200
2021-04-24 15:25:27 下午 [Thread: main][ Class:org.springframework.test.context.support.DefaultTestContextBootstrapper >> Method: org.springframework.test.context.support.AbstractTestContextBootstrapper.getDefaultTestExecutionListenerClassNames(AbstractTestContextBootstrapper.java:260) ]
INFO:Loaded default TestExecutionListener class names from location [META-INF/spring.factories]: [org.springframework.test.context.web.ServletTestExecutionListener, org.springframework.test.context.support.DirtiesContextBeforeModesTestExecutionListener, org.springframework.test.context.support.DependencyInjectionTestExecutionListener, org.springframework.test.context.support.DirtiesContextTestExecutionListener, org.springframework.test.context.transaction.TransactionalTestExecutionListener, org.springframework.test.context.jdbc.SqlScriptsTestExecutionListener]
2021-04-24 15:25:27 下午 [Thread: main][ Class:org.springframework.test.context.support.DefaultTestContextBootstrapper >> Method: org.springframework.test.context.support.AbstractTestContextBootstrapper.getTestExecutionListeners(AbstractTestContextBootstrapper.java:187) ]
INFO:Using TestExecutionListeners: [org.springframework.test.context.web.ServletTestExecutionListener@523884b2, org.springframework.test.context.support.DirtiesContextBeforeModesTestExecutionListener@5b275dab, org.springframework.test.context.support.DependencyInjectionTestExecutionListener@61832929, org.springframework.test.context.support.DirtiesContextTestExecutionListener@29774679, org.springframework.test.context.transaction.TransactionalTestExecutionListener@3ffc5af1, org.springframework.test.context.jdbc.SqlScriptsTestExecutionListener@5e5792a0]
2021-04-24 15:25:27 下午 [Thread: main][ Class:org.springframework.beans.factory.xml.XmlBeanDefinitionReader >> Method: org.springframework.beans.factory.xml.XmlBeanDefinitionReader.loadBeanDefinitions(XmlBeanDefinitionReader.java:317) ]
INFO:Loading XML bean definitions from class path resource [applicationContext.xml]
2021-04-24 15:25:32 下午 [Thread: main][ Class:org.springframework.context.support.GenericApplicationContext >> Method: org.springframework.context.support.AbstractApplicationContext.prepareRefresh(AbstractApplicationContext.java:582) ]
INFO:Refreshing org.springframework.context.support.GenericApplicationContext@3632be31: startup date [Sat Apr 24 15:25:32 CST 2021]; root of context hierarchy
2021-04-24 15:25:34 下午 [Thread: main][ Class:com.alibaba.druid.pool.DruidDataSource >> Method: com.alibaba.druid.pool.DruidDataSource.init(DruidDataSource.java:985) ]
INFO:{dataSource-1} inited
2021-04-24 15:25:35 下午 [Thread: Thread-1][ Class:org.springframework.context.support.GenericApplicationContext >> Method: org.springframework.context.support.AbstractApplicationContext.doClose(AbstractApplicationContext.java:987) ]
INFO:Closing org.springframework.context.support.GenericApplicationContext@3632be31: startup date [Sat Apr 24 15:25:32 CST 2021]; root of context hierarchy
2021-04-24 15:25:35 下午 [Thread: Thread-1][ Class:com.alibaba.druid.pool.DruidDataSource >> Method: com.alibaba.druid.pool.DruidDataSource.close(DruidDataSource.java:2032) ]
INFO:{dataSource-1} closing ...
2021-04-24 15:25:35 下午 [Thread: Thread-1][ Class:com.alibaba.druid.pool.DruidDataSource >> Method: com.alibaba.druid.pool.DruidDataSource.close(DruidDataSource.java:2104) ]
INFO:{dataSource-1} closed
2021-04-24 15:36:02 下午 [Thread: main][ Class:org.springframework.test.context.support.DefaultTestContextBootstrapper >> Method: org.springframework.test.context.support.AbstractTestContextBootstrapper.getDefaultTestExecutionListenerClassNames(AbstractTestContextBootstrapper.java:260) ]
INFO:Loaded default TestExecutionListener class names from location [META-INF/spring.factories]: [org.springframework.test.context.web.ServletTestExecutionListener, org.springframework.test.context.support.DirtiesContextBeforeModesTestExecutionListener, org.springframework.test.context.support.DependencyInjectionTestExecutionListener, org.springframework.test.context.support.DirtiesContextTestExecutionListener, org.springframework.test.context.transaction.TransactionalTestExecutionListener, org.springframework.test.context.jdbc.SqlScriptsTestExecutionListener]
2021-04-24 15:36:02 下午 [Thread: main][ Class:org.springframework.test.context.support.DefaultTestContextBootstrapper >> Method: org.springframework.test.context.support.AbstractTestContextBootstrapper.getTestExecutionListeners(AbstractTestContextBootstrapper.java:187) ]
INFO:Using TestExecutionListeners: [org.springframework.test.context.web.ServletTestExecutionListener@523884b2, org.springframework.test.context.support.DirtiesContextBeforeModesTestExecutionListener@5b275dab, org.springframework.test.context.support.DependencyInjectionTestExecutionListener@61832929, org.springframework.test.context.support.DirtiesContextTestExecutionListener@29774679, org.springframework.test.context.transaction.TransactionalTestExecutionListener@3ffc5af1, org.springframework.test.context.jdbc.SqlScriptsTestExecutionListener@5e5792a0]
2021-04-24 15:36:02 下午 [Thread: main][ Class:org.springframework.beans.factory.xml.XmlBeanDefinitionReader >> Method: org.springframework.beans.factory.xml.XmlBeanDefinitionReader.loadBeanDefinitions(XmlBeanDefinitionReader.java:317) ]
INFO:Loading XML bean definitions from class path resource [applicationContext.xml]
2021-04-24 15:36:07 下午 [Thread: main][ Class:org.springframework.context.support.GenericApplicationContext >> Method: org.springframework.context.support.AbstractApplicationContext.prepareRefresh(AbstractApplicationContext.java:582) ]
INFO:Refreshing org.springframework.context.support.GenericApplicationContext@3632be31: startup date [Sat Apr 24 15:36:07 CST 2021]; root of context hierarchy
2021-04-24 15:36:08 下午 [Thread: main][ Class:com.alibaba.druid.pool.DruidDataSource >> Method: com.alibaba.druid.pool.DruidDataSource.init(DruidDataSource.java:985) ]
INFO:{dataSource-1} inited
2021-04-24 15:36:09 下午 [Thread: Thread-1][ Class:org.springframework.context.support.GenericApplicationContext >> Method: org.springframework.context.support.AbstractApplicationContext.doClose(AbstractApplicationContext.java:987) ]
INFO:Closing org.springframework.context.support.GenericApplicationContext@3632be31: startup date [Sat Apr 24 15:36:07 CST 2021]; root of context hierarchy
2021-04-24 15:36:09 下午 [Thread: Thread-1][ Class:com.alibaba.druid.pool.DruidDataSource >> Method: com.alibaba.druid.pool.DruidDataSource.close(DruidDataSource.java:2032) ]
INFO:{dataSource-1} closing ...
2021-04-24 15:36:09 下午 [Thread: Thread-1][ Class:com.alibaba.druid.pool.DruidDataSource >> Method: com.alibaba.druid.pool.DruidDataSource.close(DruidDataSource.java:2104) ]
INFO:{dataSource-1} closed
2021-04-24 16:10:22 下午 [Thread: main][ Class:org.springframework.test.context.support.DefaultTestContextBootstrapper >> Method: org.springframework.test.context.support.AbstractTestContextBootstrapper.getDefaultTestExecutionListenerClassNames(AbstractTestContextBootstrapper.java:260) ]
INFO:Loaded default TestExecutionListener class names from location [META-INF/spring.factories]: [org.springframework.test.context.web.ServletTestExecutionListener, org.springframework.test.context.support.DirtiesContextBeforeModesTestExecutionListener, org.springframework.test.context.support.DependencyInjectionTestExecutionListener, org.springframework.test.context.support.DirtiesContextTestExecutionListener, org.springframework.test.context.transaction.TransactionalTestExecutionListener, org.springframework.test.context.jdbc.SqlScriptsTestExecutionListener]
2021-04-24 16:10:22 下午 [Thread: main][ Class:org.springframework.test.context.support.DefaultTestContextBootstrapper >> Method: org.springframework.test.context.support.AbstractTestContextBootstrapper.getTestExecutionListeners(AbstractTestContextBootstrapper.java:187) ]
INFO:Using TestExecutionListeners: [org.springframework.test.context.web.ServletTestExecutionListener@61832929, org.springframework.test.context.support.DirtiesContextBeforeModesTestExecutionListener@29774679, org.springframework.test.context.support.DependencyInjectionTestExecutionListener@3ffc5af1, org.springframework.test.context.support.DirtiesContextTestExecutionListener@5e5792a0, org.springframework.test.context.transaction.TransactionalTestExecutionListener@26653222, org.springframework.test.context.jdbc.SqlScriptsTestExecutionListener@3532ec19]
2021-04-24 16:10:22 下午 [Thread: main][ Class:org.springframework.beans.factory.xml.XmlBeanDefinitionReader >> Method: org.springframework.beans.factory.xml.XmlBeanDefinitionReader.loadBeanDefinitions(XmlBeanDefinitionReader.java:317) ]
INFO:Loading XML bean definitions from class path resource [applicationContext.xml]
2021-04-24 16:10:26 下午 [Thread: main][ Class:org.springframework.context.support.GenericApplicationContext >> Method: org.springframework.context.support.AbstractApplicationContext.prepareRefresh(AbstractApplicationContext.java:582) ]
INFO:Refreshing org.springframework.context.support.GenericApplicationContext@2286778: startup date [Sat Apr 24 16:10:26 CST 2021]; root of context hierarchy
2021-04-24 16:10:28 下午 [Thread: main][ Class:com.alibaba.druid.pool.DruidDataSource >> Method: com.alibaba.druid.pool.DruidDataSource.init(DruidDataSource.java:985) ]
INFO:{dataSource-1} inited
2021-04-24 16:10:28 下午 [Thread: Thread-1][ Class:org.springframework.context.support.GenericApplicationContext >> Method: org.springframework.context.support.AbstractApplicationContext.doClose(AbstractApplicationContext.java:987) ]
INFO:Closing org.springframework.context.support.GenericApplicationContext@2286778: startup date [Sat Apr 24 16:10:26 CST 2021]; root of context hierarchy
2021-04-24 16:10:28 下午 [Thread: Thread-1][ Class:com.alibaba.druid.pool.DruidDataSource >> Method: com.alibaba.druid.pool.DruidDataSource.close(DruidDataSource.java:2032) ]
INFO:{dataSource-1} closing ...
2021-04-24 16:10:28 下午 [Thread: Thread-1][ Class:com.alibaba.druid.pool.DruidDataSource >> Method: com.alibaba.druid.pool.DruidDataSource.close(DruidDataSource.java:2104) ]
INFO:{dataSource-1} closed
2021-04-24 16:11:27 下午 [Thread: main][ Class:org.springframework.test.context.support.DefaultTestContextBootstrapper >> Method: org.springframework.test.context.support.AbstractTestContextBootstrapper.getDefaultTestExecutionListenerClassNames(AbstractTestContextBootstrapper.java:260) ]
INFO:Loaded default TestExecutionListener class names from location [META-INF/spring.factories]: [org.springframework.test.context.web.ServletTestExecutionListener, org.springframework.test.context.support.DirtiesContextBeforeModesTestExecutionListener, org.springframework.test.context.support.DependencyInjectionTestExecutionListener, org.springframework.test.context.support.DirtiesContextTestExecutionListener, org.springframework.test.context.transaction.TransactionalTestExecutionListener, org.springframework.test.context.jdbc.SqlScriptsTestExecutionListener]
2021-04-24 16:11:27 下午 [Thread: main][ Class:org.springframework.test.context.support.DefaultTestContextBootstrapper >> Method: org.springframework.test.context.support.AbstractTestContextBootstrapper.getTestExecutionListeners(AbstractTestContextBootstrapper.java:187) ]
INFO:Using TestExecutionListeners: [org.springframework.test.context.web.ServletTestExecutionListener@61832929, org.springframework.test.context.support.DirtiesContextBeforeModesTestExecutionListener@29774679, org.springframework.test.context.support.DependencyInjectionTestExecutionListener@3ffc5af1, org.springframework.test.context.support.DirtiesContextTestExecutionListener@5e5792a0, org.springframework.test.context.transaction.TransactionalTestExecutionListener@26653222, org.springframework.test.context.jdbc.SqlScriptsTestExecutionListener@3532ec19]
2021-04-24 16:11:27 下午 [Thread: main][ Class:org.springframework.beans.factory.xml.XmlBeanDefinitionReader >> Method: org.springframework.beans.factory.xml.XmlBeanDefinitionReader.loadBeanDefinitions(XmlBeanDefinitionReader.java:317) ]
INFO:Loading XML bean definitions from class path resource [applicationContext.xml]
2021-04-24 16:11:35 下午 [Thread: main][ Class:org.springframework.context.support.GenericApplicationContext >> Method: org.springframework.context.support.AbstractApplicationContext.prepareRefresh(AbstractApplicationContext.java:582) ]
INFO:Refreshing org.springframework.context.support.GenericApplicationContext@2286778: startup date [Sat Apr 24 16:11:35 CST 2021]; root of context hierarchy
2021-04-24 16:11:37 下午 [Thread: main][ Class:com.alibaba.druid.pool.DruidDataSource >> Method: com.alibaba.druid.pool.DruidDataSource.init(DruidDataSource.java:985) ]
INFO:{dataSource-1} inited
2021-04-24 16:11:37 下午 [Thread: Thread-1][ Class:org.springframework.context.support.GenericApplicationContext >> Method: org.springframework.context.support.AbstractApplicationContext.doClose(AbstractApplicationContext.java:987) ]
INFO:Closing org.springframework.context.support.GenericApplicationContext@2286778: startup date [Sat Apr 24 16:11:35 CST 2021]; root of context hierarchy
2021-04-24 16:11:37 下午 [Thread: Thread-1][ Class:com.alibaba.druid.pool.DruidDataSource >> Method: com.alibaba.druid.pool.DruidDataSource.close(DruidDataSource.java:2032) ]
INFO:{dataSource-1} closing ...
2021-04-24 16:11:37 下午 [Thread: Thread-1][ Class:com.alibaba.druid.pool.DruidDataSource >> Method: com.alibaba.druid.pool.DruidDataSource.close(DruidDataSource.java:2104) ]
INFO:{dataSource-1} closed
2021-04-24 16:11:57 下午 [Thread: main][ Class:org.springframework.test.context.support.DefaultTestContextBootstrapper >> Method: org.springframework.test.context.support.AbstractTestContextBootstrapper.getDefaultTestExecutionListenerClassNames(AbstractTestContextBootstrapper.java:260) ]
INFO:Loaded default TestExecutionListener class names from location [META-INF/spring.factories]: [org.springframework.test.context.web.ServletTestExecutionListener, org.springframework.test.context.support.DirtiesContextBeforeModesTestExecutionListener, org.springframework.test.context.support.DependencyInjectionTestExecutionListener, org.springframework.test.context.support.DirtiesContextTestExecutionListener, org.springframework.test.context.transaction.TransactionalTestExecutionListener, org.springframework.test.context.jdbc.SqlScriptsTestExecutionListener]
2021-04-24 16:11:58 下午 [Thread: main][ Class:org.springframework.test.context.support.DefaultTestContextBootstrapper >> Method: org.springframework.test.context.support.AbstractTestContextBootstrapper.getTestExecutionListeners(AbstractTestContextBootstrapper.java:187) ]
INFO:Using TestExecutionListeners: [org.springframework.test.context.web.ServletTestExecutionListener@61832929, org.springframework.test.context.support.DirtiesContextBeforeModesTestExecutionListener@29774679, org.springframework.test.context.support.DependencyInjectionTestExecutionListener@3ffc5af1, org.springframework.test.context.support.DirtiesContextTestExecutionListener@5e5792a0, org.springframework.test.context.transaction.TransactionalTestExecutionListener@26653222, org.springframework.test.context.jdbc.SqlScriptsTestExecutionListener@3532ec19]
2021-04-24 16:11:58 下午 [Thread: main][ Class:org.springframework.beans.factory.xml.XmlBeanDefinitionReader >> Method: org.springframework.beans.factory.xml.XmlBeanDefinitionReader.loadBeanDefinitions(XmlBeanDefinitionReader.java:317) ]
INFO:Loading XML bean definitions from class path resource [applicationContext.xml]
2021-04-24 16:12:02 下午 [Thread: main][ Class:org.springframework.context.support.GenericApplicationContext >> Method: org.springframework.context.support.AbstractApplicationContext.prepareRefresh(AbstractApplicationContext.java:582) ]
INFO:Refreshing org.springframework.context.support.GenericApplicationContext@2286778: startup date [Sat Apr 24 16:12:02 CST 2021]; root of context hierarchy
2021-04-24 16:12:03 下午 [Thread: main][ Class:com.alibaba.druid.pool.DruidDataSource >> Method: com.alibaba.druid.pool.DruidDataSource.init(DruidDataSource.java:985) ]
INFO:{dataSource-1} inited
2021-04-24 16:12:03 下午 [Thread: Thread-1][ Class:org.springframework.context.support.GenericApplicationContext >> Method: org.springframework.context.support.AbstractApplicationContext.doClose(AbstractApplicationContext.java:987) ]
INFO:Closing org.springframework.context.support.GenericApplicationContext@2286778: startup date [Sat Apr 24 16:12:02 CST 2021]; root of context hierarchy
2021-04-24 16:12:03 下午 [Thread: Thread-1][ Class:com.alibaba.druid.pool.DruidDataSource >> Method: com.alibaba.druid.pool.DruidDataSource.close(DruidDataSource.java:2032) ]
INFO:{dataSource-1} closing ...
2021-04-24 16:12:03 下午 [Thread: Thread-1][ Class:com.alibaba.druid.pool.DruidDataSource >> Method: com.alibaba.druid.pool.DruidDataSource.close(DruidDataSource.java:2104) ]
INFO:{dataSource-1} closed
2021-04-24 16:12:34 下午 [Thread: main][ Class:org.springframework.test.context.support.DefaultTestContextBootstrapper >> Method: org.springframework.test.context.support.AbstractTestContextBootstrapper.getDefaultTestExecutionListenerClassNames(AbstractTestContextBootstrapper.java:260) ]
INFO:Loaded default TestExecutionListener class names from location [META-INF/spring.factories]: [org.springframework.test.context.web.ServletTestExecutionListener, org.springframework.test.context.support.DirtiesContextBeforeModesTestExecutionListener, org.springframework.test.context.support.DependencyInjectionTestExecutionListener, org.springframework.test.context.support.DirtiesContextTestExecutionListener, org.springframework.test.context.transaction.TransactionalTestExecutionListener, org.springframework.test.context.jdbc.SqlScriptsTestExecutionListener]
2021-04-24 16:12:34 下午 [Thread: main][ Class:org.springframework.test.context.support.DefaultTestContextBootstrapper >> Method: org.springframework.test.context.support.AbstractTestContextBootstrapper.getTestExecutionListeners(AbstractTestContextBootstrapper.java:187) ]
INFO:Using TestExecutionListeners: [org.springframework.test.context.web.ServletTestExecutionListener@61832929, org.springframework.test.context.support.DirtiesContextBeforeModesTestExecutionListener@29774679, org.springframework.test.context.support.DependencyInjectionTestExecutionListener@3ffc5af1, org.springframework.test.context.support.DirtiesContextTestExecutionListener@5e5792a0, org.springframework.test.context.transaction.TransactionalTestExecutionListener@26653222, org.springframework.test.context.jdbc.SqlScriptsTestExecutionListener@3532ec19]
2021-04-24 16:12:34 下午 [Thread: main][ Class:org.springframework.beans.factory.xml.XmlBeanDefinitionReader >> Method: org.springframework.beans.factory.xml.XmlBeanDefinitionReader.loadBeanDefinitions(XmlBeanDefinitionReader.java:317) ]
INFO:Loading XML bean definitions from class path resource [applicationContext.xml]
2021-04-24 16:12:38 下午 [Thread: main][ Class:org.springframework.context.support.GenericApplicationContext >> Method: org.springframework.context.support.AbstractApplicationContext.prepareRefresh(AbstractApplicationContext.java:582) ]
INFO:Refreshing org.springframework.context.support.GenericApplicationContext@2286778: startup date [Sat Apr 24 16:12:38 CST 2021]; root of context hierarchy
2021-04-24 16:12:40 下午 [Thread: main][ Class:com.alibaba.druid.pool.DruidDataSource >> Method: com.alibaba.druid.pool.DruidDataSource.init(DruidDataSource.java:985) ]
INFO:{dataSource-1} inited
2021-04-24 16:12:40 下午 [Thread: Thread-1][ Class:org.springframework.context.support.GenericApplicationContext >> Method: org.springframework.context.support.AbstractApplicationContext.doClose(AbstractApplicationContext.java:987) ]
INFO:Closing org.springframework.context.support.GenericApplicationContext@2286778: startup date [Sat Apr 24 16:12:38 CST 2021]; root of context hierarchy
2021-04-24 16:12:40 下午 [Thread: Thread-1][ Class:com.alibaba.druid.pool.DruidDataSource >> Method: com.alibaba.druid.pool.DruidDataSource.close(DruidDataSource.java:2032) ]
INFO:{dataSource-1} closing ...
2021-04-24 16:12:40 下午 [Thread: Thread-1][ Class:com.alibaba.druid.pool.DruidDataSource >> Method: com.alibaba.druid.pool.DruidDataSource.close(DruidDataSource.java:2104) ]
INFO:{dataSource-1} closed
2021-04-24 16:13:25 下午 [Thread: main][ Class:org.springframework.test.context.support.DefaultTestContextBootstrapper >> Method: org.springframework.test.context.support.AbstractTestContextBootstrapper.getDefaultTestExecutionListenerClassNames(AbstractTestContextBootstrapper.java:260) ]
INFO:Loaded default TestExecutionListener class names from location [META-INF/spring.factories]: [org.springframework.test.context.web.ServletTestExecutionListener, org.springframework.test.context.support.DirtiesContextBeforeModesTestExecutionListener, org.springframework.test.context.support.DependencyInjectionTestExecutionListener, org.springframework.test.context.support.DirtiesContextTestExecutionListener, org.springframework.test.context.transaction.TransactionalTestExecutionListener, org.springframework.test.context.jdbc.SqlScriptsTestExecutionListener]
2021-04-24 16:13:25 下午 [Thread: main][ Class:org.springframework.test.context.support.DefaultTestContextBootstrapper >> Method: org.springframework.test.context.support.AbstractTestContextBootstrapper.getTestExecutionListeners(AbstractTestContextBootstrapper.java:187) ]
INFO:Using TestExecutionListeners: [org.springframework.test.context.web.ServletTestExecutionListener@61832929, org.springframework.test.context.support.DirtiesContextBeforeModesTestExecutionListener@29774679, org.springframework.test.context.support.DependencyInjectionTestExecutionListener@3ffc5af1, org.springframework.test.context.support.DirtiesContextTestExecutionListener@5e5792a0, org.springframework.test.context.transaction.TransactionalTestExecutionListener@26653222, org.springframework.test.context.jdbc.SqlScriptsTestExecutionListener@3532ec19]
2021-04-24 16:13:25 下午 [Thread: main][ Class:org.springframework.beans.factory.xml.XmlBeanDefinitionReader >> Method: org.springframework.beans.factory.xml.XmlBeanDefinitionReader.loadBeanDefinitions(XmlBeanDefinitionReader.java:317) ]
INFO:Loading XML bean definitions from class path resource [applicationContext.xml]
2021-04-24 16:13:29 下午 [Thread: main][ Class:org.springframework.context.support.GenericApplicationContext >> Method: org.springframework.context.support.AbstractApplicationContext.prepareRefresh(AbstractApplicationContext.java:582) ]
INFO:Refreshing org.springframework.context.support.GenericApplicationContext@2286778: startup date [Sat Apr 24 16:13:29 CST 2021]; root of context hierarchy
2021-04-24 16:13:31 下午 [Thread: main][ Class:com.alibaba.druid.pool.DruidDataSource >> Method: com.alibaba.druid.pool.DruidDataSource.init(DruidDataSource.java:985) ]
INFO:{dataSource-1} inited
2021-04-24 16:13:31 下午 [Thread: Thread-1][ Class:org.springframework.context.support.GenericApplicationContext >> Method: org.springframework.context.support.AbstractApplicationContext.doClose(AbstractApplicationContext.java:987) ]
INFO:Closing org.springframework.context.support.GenericApplicationContext@2286778: startup date [Sat Apr 24 16:13:29 CST 2021]; root of context hierarchy
2021-04-24 16:13:31 下午 [Thread: Thread-1][ Class:com.alibaba.druid.pool.DruidDataSource >> Method: com.alibaba.druid.pool.DruidDataSource.close(DruidDataSource.java:2032) ]
INFO:{dataSource-1} closing ...
2021-04-24 16:13:31 下午 [Thread: Thread-1][ Class:com.alibaba.druid.pool.DruidDataSource >> Method: com.alibaba.druid.pool.DruidDataSource.close(DruidDataSource.java:2104) ]
INFO:{dataSource-1} closed
2021-04-24 16:14:44 下午 [Thread: main][ Class:org.springframework.test.context.support.DefaultTestContextBootstrapper >> Method: org.springframework.test.context.support.AbstractTestContextBootstrapper.getDefaultTestExecutionListenerClassNames(AbstractTestContextBootstrapper.java:260) ]
INFO:Loaded default TestExecutionListener class names from location [META-INF/spring.factories]: [org.springframework.test.context.web.ServletTestExecutionListener, org.springframework.test.context.support.DirtiesContextBeforeModesTestExecutionListener, org.springframework.test.context.support.DependencyInjectionTestExecutionListener, org.springframework.test.context.support.DirtiesContextTestExecutionListener, org.springframework.test.context.transaction.TransactionalTestExecutionListener, org.springframework.test.context.jdbc.SqlScriptsTestExecutionListener]
2021-04-24 16:14:44 下午 [Thread: main][ Class:org.springframework.test.context.support.DefaultTestContextBootstrapper >> Method: org.springframework.test.context.support.AbstractTestContextBootstrapper.getTestExecutionListeners(AbstractTestContextBootstrapper.java:187) ]
INFO:Using TestExecutionListeners: [org.springframework.test.context.web.ServletTestExecutionListener@61832929, org.springframework.test.context.support.DirtiesContextBeforeModesTestExecutionListener@29774679, org.springframework.test.context.support.DependencyInjectionTestExecutionListener@3ffc5af1, org.springframework.test.context.support.DirtiesContextTestExecutionListener@5e5792a0, org.springframework.test.context.transaction.TransactionalTestExecutionListener@26653222, org.springframework.test.context.jdbc.SqlScriptsTestExecutionListener@3532ec19]
2021-04-24 16:14:45 下午 [Thread: main][ Class:org.springframework.beans.factory.xml.XmlBeanDefinitionReader >> Method: org.springframework.beans.factory.xml.XmlBeanDefinitionReader.loadBeanDefinitions(XmlBeanDefinitionReader.java:317) ]
INFO:Loading XML bean definitions from class path resource [applicationContext.xml]
2021-04-24 16:14:49 下午 [Thread: main][ Class:org.springframework.context.support.GenericApplicationContext >> Method: org.springframework.context.support.AbstractApplicationContext.prepareRefresh(AbstractApplicationContext.java:582) ]
INFO:Refreshing org.springframework.context.support.GenericApplicationContext@2286778: startup date [Sat Apr 24 16:14:49 CST 2021]; root of context hierarchy
2021-04-24 16:14:50 下午 [Thread: main][ Class:com.alibaba.druid.pool.DruidDataSource >> Method: com.alibaba.druid.pool.DruidDataSource.init(DruidDataSource.java:985) ]
INFO:{dataSource-1} inited
2021-04-24 16:14:51 下午 [Thread: Thread-1][ Class:org.springframework.context.support.GenericApplicationContext >> Method: org.springframework.context.support.AbstractApplicationContext.doClose(AbstractApplicationContext.java:987) ]
INFO:Closing org.springframework.context.support.GenericApplicationContext@2286778: startup date [Sat Apr 24 16:14:49 CST 2021]; root of context hierarchy
2021-04-24 16:14:51 下午 [Thread: Thread-1][ Class:com.alibaba.druid.pool.DruidDataSource >> Method: com.alibaba.druid.pool.DruidDataSource.close(DruidDataSource.java:2032) ]
INFO:{dataSource-1} closing ...
2021-04-24 16:14:51 下午 [Thread: Thread-1][ Class:com.alibaba.druid.pool.DruidDataSource >> Method: com.alibaba.druid.pool.DruidDataSource.close(DruidDataSource.java:2104) ]
INFO:{dataSource-1} closed
2021-04-24 16:16:40 下午 [Thread: main][ Class:org.springframework.test.context.support.DefaultTestContextBootstrapper >> Method: org.springframework.test.context.support.AbstractTestContextBootstrapper.getDefaultTestExecutionListenerClassNames(AbstractTestContextBootstrapper.java:260) ]
INFO:Loaded default TestExecutionListener class names from location [META-INF/spring.factories]: [org.springframework.test.context.web.ServletTestExecutionListener, org.springframework.test.context.support.DirtiesContextBeforeModesTestExecutionListener, org.springframework.test.context.support.DependencyInjectionTestExecutionListener, org.springframework.test.context.support.DirtiesContextTestExecutionListener, org.springframework.test.context.transaction.TransactionalTestExecutionListener, org.springframework.test.context.jdbc.SqlScriptsTestExecutionListener]
2021-04-24 16:16:40 下午 [Thread: main][ Class:org.springframework.test.context.support.DefaultTestContextBootstrapper >> Method: org.springframework.test.context.support.AbstractTestContextBootstrapper.getTestExecutionListeners(AbstractTestContextBootstrapper.java:187) ]
INFO:Using TestExecutionListeners: [org.springframework.test.context.web.ServletTestExecutionListener@61832929, org.springframework.test.context.support.DirtiesContextBeforeModesTestExecutionListener@29774679, org.springframework.test.context.support.DependencyInjectionTestExecutionListener@3ffc5af1, org.springframework.test.context.support.DirtiesContextTestExecutionListener@5e5792a0, org.springframework.test.context.transaction.TransactionalTestExecutionListener@26653222, org.springframework.test.context.jdbc.SqlScriptsTestExecutionListener@3532ec19]
2021-04-24 16:16:40 下午 [Thread: main][ Class:org.springframework.beans.factory.xml.XmlBeanDefinitionReader >> Method: org.springframework.beans.factory.xml.XmlBeanDefinitionReader.loadBeanDefinitions(XmlBeanDefinitionReader.java:317) ]
INFO:Loading XML bean definitions from class path resource [applicationContext.xml]
2021-04-24 16:16:45 下午 [Thread: main][ Class:org.springframework.context.support.GenericApplicationContext >> Method: org.springframework.context.support.AbstractApplicationContext.prepareRefresh(AbstractApplicationContext.java:582) ]
INFO:Refreshing org.springframework.context.support.GenericApplicationContext@2286778: startup date [Sat Apr 24 16:16:45 CST 2021]; root of context hierarchy
2021-04-24 16:16:46 下午 [Thread: main][ Class:com.alibaba.druid.pool.DruidDataSource >> Method: com.alibaba.druid.pool.DruidDataSource.init(DruidDataSource.java:985) ]
INFO:{dataSource-1} inited
2021-04-24 16:16:47 下午 [Thread: Thread-1][ Class:org.springframework.context.support.GenericApplicationContext >> Method: org.springframework.context.support.AbstractApplicationContext.doClose(AbstractApplicationContext.java:987) ]
INFO:Closing org.springframework.context.support.GenericApplicationContext@2286778: startup date [Sat Apr 24 16:16:45 CST 2021]; root of context hierarchy
2021-04-24 16:16:47 下午 [Thread: Thread-1][ Class:com.alibaba.druid.pool.DruidDataSource >> Method: com.alibaba.druid.pool.DruidDataSource.close(DruidDataSource.java:2032) ]
INFO:{dataSource-1} closing ...
2021-04-24 16:16:47 下午 [Thread: Thread-1][ Class:com.alibaba.druid.pool.DruidDataSource >> Method: com.alibaba.druid.pool.DruidDataSource.close(DruidDataSource.java:2104) ]
INFO:{dataSource-1} closed
2021-04-24 16:17:37 下午 [Thread: main][ Class:org.springframework.test.context.support.DefaultTestContextBootstrapper >> Method: org.springframework.test.context.support.AbstractTestContextBootstrapper.getDefaultTestExecutionListenerClassNames(AbstractTestContextBootstrapper.java:260) ]
INFO:Loaded default TestExecutionListener class names from location [META-INF/spring.factories]: [org.springframework.test.context.web.ServletTestExecutionListener, org.springframework.test.context.support.DirtiesContextBeforeModesTestExecutionListener, org.springframework.test.context.support.DependencyInjectionTestExecutionListener, org.springframework.test.context.support.DirtiesContextTestExecutionListener, org.springframework.test.context.transaction.TransactionalTestExecutionListener, org.springframework.test.context.jdbc.SqlScriptsTestExecutionListener]
2021-04-24 16:17:37 下午 [Thread: main][ Class:org.springframework.test.context.support.DefaultTestContextBootstrapper >> Method: org.springframework.test.context.support.AbstractTestContextBootstrapper.getTestExecutionListeners(AbstractTestContextBootstrapper.java:187) ]
INFO:Using TestExecutionListeners: [org.springframework.test.context.web.ServletTestExecutionListener@61832929, org.springframework.test.context.support.DirtiesContextBeforeModesTestExecutionListener@29774679, org.springframework.test.context.support.DependencyInjectionTestExecutionListener@3ffc5af1, org.springframework.test.context.support.DirtiesContextTestExecutionListener@5e5792a0, org.springframework.test.context.transaction.TransactionalTestExecutionListener@26653222, org.springframework.test.context.jdbc.SqlScriptsTestExecutionListener@3532ec19]
2021-04-24 16:17:37 下午 [Thread: main][ Class:org.springframework.beans.factory.xml.XmlBeanDefinitionReader >> Method: org.springframework.beans.factory.xml.XmlBeanDefinitionReader.loadBeanDefinitions(XmlBeanDefinitionReader.java:317) ]
INFO:Loading XML bean definitions from class path resource [applicationContext.xml]
2021-04-24 16:17:41 下午 [Thread: main][ Class:org.springframework.context.support.GenericApplicationContext >> Method: org.springframework.context.support.AbstractApplicationContext.prepareRefresh(AbstractApplicationContext.java:582) ]
INFO:Refreshing org.springframework.context.support.GenericApplicationContext@2286778: startup date [Sat Apr 24 16:17:41 CST 2021]; root of context hierarchy
2021-04-24 16:17:43 下午 [Thread: main][ Class:com.alibaba.druid.pool.DruidDataSource >> Method: com.alibaba.druid.pool.DruidDataSource.init(DruidDataSource.java:985) ]
INFO:{dataSource-1} inited
2021-04-24 16:17:43 下午 [Thread: Thread-1][ Class:org.springframework.context.support.GenericApplicationContext >> Method: org.springframework.context.support.AbstractApplicationContext.doClose(AbstractApplicationContext.java:987) ]
INFO:Closing org.springframework.context.support.GenericApplicationContext@2286778: startup date [Sat Apr 24 16:17:41 CST 2021]; root of context hierarchy
2021-04-24 16:17:43 下午 [Thread: Thread-1][ Class:com.alibaba.druid.pool.DruidDataSource >> Method: com.alibaba.druid.pool.DruidDataSource.close(DruidDataSource.java:2032) ]
INFO:{dataSource-1} closing ...
2021-04-24 16:17:43 下午 [Thread: Thread-1][ Class:com.alibaba.druid.pool.DruidDataSource >> Method: com.alibaba.druid.pool.DruidDataSource.close(DruidDataSource.java:2104) ]
INFO:{dataSource-1} closed
2021-04-24 16:18:11 下午 [Thread: main][ Class:org.springframework.test.context.support.DefaultTestContextBootstrapper >> Method: org.springframework.test.context.support.AbstractTestContextBootstrapper.getDefaultTestExecutionListenerClassNames(AbstractTestContextBootstrapper.java:260) ]
INFO:Loaded default TestExecutionListener class names from location [META-INF/spring.factories]: [org.springframework.test.context.web.ServletTestExecutionListener, org.springframework.test.context.support.DirtiesContextBeforeModesTestExecutionListener, org.springframework.test.context.support.DependencyInjectionTestExecutionListener, org.springframework.test.context.support.DirtiesContextTestExecutionListener, org.springframework.test.context.transaction.TransactionalTestExecutionListener, org.springframework.test.context.jdbc.SqlScriptsTestExecutionListener]
2021-04-24 16:18:11 下午 [Thread: main][ Class:org.springframework.test.context.support.DefaultTestContextBootstrapper >> Method: org.springframework.test.context.support.AbstractTestContextBootstrapper.getTestExecutionListeners(AbstractTestContextBootstrapper.java:187) ]
INFO:Using TestExecutionListeners: [org.springframework.test.context.web.ServletTestExecutionListener@61832929, org.springframework.test.context.support.DirtiesContextBeforeModesTestExecutionListener@29774679, org.springframework.test.context.support.DependencyInjectionTestExecutionListener@3ffc5af1, org.springframework.test.context.support.DirtiesContextTestExecutionListener@5e5792a0, org.springframework.test.context.transaction.TransactionalTestExecutionListener@26653222, org.springframework.test.context.jdbc.SqlScriptsTestExecutionListener@3532ec19]
2021-04-24 16:18:11 下午 [Thread: main][ Class:org.springframework.beans.factory.xml.XmlBeanDefinitionReader >> Method: org.springframework.beans.factory.xml.XmlBeanDefinitionReader.loadBeanDefinitions(XmlBeanDefinitionReader.java:317) ]
INFO:Loading XML bean definitions from class path resource [applicationContext.xml]
2021-04-24 16:18:16 下午 [Thread: main][ Class:org.springframework.context.support.GenericApplicationContext >> Method: org.springframework.context.support.AbstractApplicationContext.prepareRefresh(AbstractApplicationContext.java:582) ]
INFO:Refreshing org.springframework.context.support.GenericApplicationContext@2286778: startup date [Sat Apr 24 16:18:16 CST 2021]; root of context hierarchy
2021-04-24 16:18:17 下午 [Thread: main][ Class:com.alibaba.druid.pool.DruidDataSource >> Method: com.alibaba.druid.pool.DruidDataSource.init(DruidDataSource.java:985) ]
INFO:{dataSource-1} inited
2021-04-24 16:18:18 下午 [Thread: Thread-1][ Class:org.springframework.context.support.GenericApplicationContext >> Method: org.springframework.context.support.AbstractApplicationContext.doClose(AbstractApplicationContext.java:987) ]
INFO:Closing org.springframework.context.support.GenericApplicationContext@2286778: startup date [Sat Apr 24 16:18:16 CST 2021]; root of context hierarchy
2021-04-24 16:18:18 下午 [Thread: Thread-1][ Class:com.alibaba.druid.pool.DruidDataSource >> Method: com.alibaba.druid.pool.DruidDataSource.close(DruidDataSource.java:2032) ]
INFO:{dataSource-1} closing ...
2021-04-24 16:18:18 下午 [Thread: Thread-1][ Class:com.alibaba.druid.pool.DruidDataSource >> Method: com.alibaba.druid.pool.DruidDataSource.close(DruidDataSource.java:2104) ]
INFO:{dataSource-1} closed
2021-04-24 16:29:45 下午 [Thread: main][ Class:org.springframework.test.context.support.DefaultTestContextBootstrapper >> Method: org.springframework.test.context.support.AbstractTestContextBootstrapper.getDefaultTestExecutionListenerClassNames(AbstractTestContextBootstrapper.java:260) ]
INFO:Loaded default TestExecutionListener class names from location [META-INF/spring.factories]: [org.springframework.test.context.web.ServletTestExecutionListener, org.springframework.test.context.support.DirtiesContextBeforeModesTestExecutionListener, org.springframework.test.context.support.DependencyInjectionTestExecutionListener, org.springframework.test.context.support.DirtiesContextTestExecutionListener, org.springframework.test.context.transaction.TransactionalTestExecutionListener, org.springframework.test.context.jdbc.SqlScriptsTestExecutionListener]
2021-04-24 16:29:45 下午 [Thread: main][ Class:org.springframework.test.context.support.DefaultTestContextBootstrapper >> Method: org.springframework.test.context.support.AbstractTestContextBootstrapper.getTestExecutionListeners(AbstractTestContextBootstrapper.java:187) ]
INFO:Using TestExecutionListeners: [org.springframework.test.context.web.ServletTestExecutionListener@61832929, org.springframework.test.context.support.DirtiesContextBeforeModesTestExecutionListener@29774679, org.springframework.test.context.support.DependencyInjectionTestExecutionListener@3ffc5af1, org.springframework.test.context.support.DirtiesContextTestExecutionListener@5e5792a0, org.springframework.test.context.transaction.TransactionalTestExecutionListener@26653222, org.springframework.test.context.jdbc.SqlScriptsTestExecutionListener@3532ec19]
2021-04-24 16:29:45 下午 [Thread: main][ Class:org.springframework.beans.factory.xml.XmlBeanDefinitionReader >> Method: org.springframework.beans.factory.xml.XmlBeanDefinitionReader.loadBeanDefinitions(XmlBeanDefinitionReader.java:317) ]
INFO:Loading XML bean definitions from class path resource [applicationContext.xml]
2021-04-24 16:29:50 下午 [Thread: main][ Class:org.springframework.context.support.GenericApplicationContext >> Method: org.springframework.context.support.AbstractApplicationContext.prepareRefresh(AbstractApplicationContext.java:582) ]
INFO:Refreshing org.springframework.context.support.GenericApplicationContext@2286778: startup date [Sat Apr 24 16:29:50 CST 2021]; root of context hierarchy
2021-04-24 16:29:52 下午 [Thread: main][ Class:com.alibaba.druid.pool.DruidDataSource >> Method: com.alibaba.druid.pool.DruidDataSource.init(DruidDataSource.java:985) ]
INFO:{dataSource-1} inited
2021-04-24 16:29:52 下午 [Thread: Thread-1][ Class:org.springframework.context.support.GenericApplicationContext >> Method: org.springframework.context.support.AbstractApplicationContext.doClose(AbstractApplicationContext.java:987) ]
INFO:Closing org.springframework.context.support.GenericApplicationContext@2286778: startup date [Sat Apr 24 16:29:50 CST 2021]; root of context hierarchy
2021-04-24 16:29:52 下午 [Thread: Thread-1][ Class:com.alibaba.druid.pool.DruidDataSource >> Method: com.alibaba.druid.pool.DruidDataSource.close(DruidDataSource.java:2032) ]
INFO:{dataSource-1} closing ...
2021-04-24 16:29:52 下午 [Thread: Thread-1][ Class:com.alibaba.druid.pool.DruidDataSource >> Method: com.alibaba.druid.pool.DruidDataSource.close(DruidDataSource.java:2104) ]
INFO:{dataSource-1} closed
2021-04-24 16:31:51 下午 [Thread: main][ Class:org.springframework.test.context.support.DefaultTestContextBootstrapper >> Method: org.springframework.test.context.support.AbstractTestContextBootstrapper.getDefaultTestExecutionListenerClassNames(AbstractTestContextBootstrapper.java:260) ]
INFO:Loaded default TestExecutionListener class names from location [META-INF/spring.factories]: [org.springframework.test.context.web.ServletTestExecutionListener, org.springframework.test.context.support.DirtiesContextBeforeModesTestExecutionListener, org.springframework.test.context.support.DependencyInjectionTestExecutionListener, org.springframework.test.context.support.DirtiesContextTestExecutionListener, org.springframework.test.context.transaction.TransactionalTestExecutionListener, org.springframework.test.context.jdbc.SqlScriptsTestExecutionListener]
2021-04-24 16:31:51 下午 [Thread: main][ Class:org.springframework.test.context.support.DefaultTestContextBootstrapper >> Method: org.springframework.test.context.support.AbstractTestContextBootstrapper.getTestExecutionListeners(AbstractTestContextBootstrapper.java:187) ]
INFO:Using TestExecutionListeners: [org.springframework.test.context.web.ServletTestExecutionListener@61832929, org.springframework.test.context.support.DirtiesContextBeforeModesTestExecutionListener@29774679, org.springframework.test.context.support.DependencyInjectionTestExecutionListener@3ffc5af1, org.springframework.test.context.support.DirtiesContextTestExecutionListener@5e5792a0, org.springframework.test.context.transaction.TransactionalTestExecutionListener@26653222, org.springframework.test.context.jdbc.SqlScriptsTestExecutionListener@3532ec19]
2021-04-24 16:31:51 下午 [Thread: main][ Class:org.springframework.beans.factory.xml.XmlBeanDefinitionReader >> Method: org.springframework.beans.factory.xml.XmlBeanDefinitionReader.loadBeanDefinitions(XmlBeanDefinitionReader.java:317) ]
INFO:Loading XML bean definitions from class path resource [applicationContext.xml]
2021-04-24 16:31:55 下午 [Thread: main][ Class:org.springframework.context.support.GenericApplicationContext >> Method: org.springframework.context.support.AbstractApplicationContext.prepareRefresh(AbstractApplicationContext.java:582) ]
INFO:Refreshing org.springframework.context.support.GenericApplicationContext@2286778: startup date [Sat Apr 24 16:31:55 CST 2021]; root of context hierarchy
2021-04-24 16:31:57 下午 [Thread: main][ Class:com.alibaba.druid.pool.DruidDataSource >> Method: com.alibaba.druid.pool.DruidDataSource.init(DruidDataSource.java:985) ]
INFO:{dataSource-1} inited
2021-04-24 16:31:57 下午 [Thread: Thread-1][ Class:org.springframework.context.support.GenericApplicationContext >> Method: org.springframework.context.support.AbstractApplicationContext.doClose(AbstractApplicationContext.java:987) ]
INFO:Closing org.springframework.context.support.GenericApplicationContext@2286778: startup date [Sat Apr 24 16:31:55 CST 2021]; root of context hierarchy
2021-04-24 16:31:57 下午 [Thread: Thread-1][ Class:com.alibaba.druid.pool.DruidDataSource >> Method: com.alibaba.druid.pool.DruidDataSource.close(DruidDataSource.java:2032) ]
INFO:{dataSource-1} closing ...
2021-04-24 16:31:57 下午 [Thread: Thread-1][ Class:com.alibaba.druid.pool.DruidDataSource >> Method: com.alibaba.druid.pool.DruidDataSource.close(DruidDataSource.java:2104) ]
INFO:{dataSource-1} closed
